make.exe all --print-data-base --no-builtin-variables --no-builtin-rules --question
make: *** No rule to make target 'all'.  Stop.

# GNU Make 4.3
# Built for Windows32
# Copyright (C) 1988-2020 Free Software Foundation, Inc.
# License GPLv3+: GNU GPL version 3 or later <http://gnu.org/licenses/gpl.html>
# This is free software: you are free to change and redistribute it.
# There is NO WARRANTY, to the extent permitted by law.

# Make data base, printed on Sat Jun 25 19:56:22 2022

# Variables

# environment
SYSTEMDRIVE = C:
# environment
LC_ALL = C
# environment
USERPROFILE = C:\Users\Jeffery Tanudihardjo
# environment
LOCALAPPDATA = C:\Users\Jeffery Tanudihardjo\AppData\Local
# environment
VSCODE_IPC_HOOK_EXTHOST = \\.\pipe\vscode-ipc-2333117a-d0a3-48a9-a4fe-c08be090c45d-sock
# environment
VSCODE_CWD = C:\Users\Jeffery Tanudihardjo\Desktop\SOA\student-research-paper-storage
# environment
CHOCOLATEYINSTALL = C:\ProgramData\chocolatey
# environment
SYSTEMROOT = C:\WINDOWS
# environment
PROCESSOR_LEVEL = 6
# environment
PSMODULEPATH = C:\Users\Jeffery Tanudihardjo\Documents\WindowsPowerShell\Modules;C:\Users\Jeffery Tanudihardjo\AppData\Local\Google\Cloud SDK\google-cloud-sdk\platform\PowerShell
# default
MAKE_COMMAND := C:/ProgramData/chocolatey/lib/make/tools/install/bin/make.exe
# environment
GOPATH = C:\Users\Jeffery Tanudihardjo\go
# automatic
@D = $(patsubst %/,%,$(patsubst %\,%,$(dir $@)))
# environment
CHROME_CRASHPAD_PIPE_NAME = \\.\pipe\crashpad_23120_FBPRZEVEIEOVYWDX
# environment
VSCODE_HANDLES_UNCAUGHT_ERRORS = true
# default
.VARIABLES := 
# automatic
%D = $(patsubst %/,%,$(patsubst %\,%,$(dir $%)))
# automatic
^D = $(patsubst %/,%,$(patsubst %\,%,$(dir $^)))
# environment
VSCODE_LOG_STACK = false
# automatic
%F = $(notdir $%)
# environment
VSCODE_CODE_CACHE_PATH = C:\Users\Jeffery Tanudihardjo\AppData\Roaming\Code\CachedData\30d9c6cd9483b2cc586687151bcbcd635f373630
# environment
ERLANG_HOME = C:\Program Files\erl-24.3.2
# environment
LANG = C
# default
.LOADED := 
# environment
TMP = C:\Users\JEFFER~1\AppData\Local\Temp
# default
.INCLUDE_DIRS = .
# environment
PROCESSOR_ARCHITEW6432 = AMD64
# makefile
MAKEFLAGS = pqrR
# environment
ONEDRIVE = C:\Users\Jeffery Tanudihardjo\OneDrive
# makefile
CURDIR := c:/Users/Jeffery Tanudihardjo/Desktop/SOA/student-research-paper-storage
# environment
VSCODE_PIPE_LOGGING = true
# environment
APPLICATION_INSIGHTS_NO_DIAGNOSTIC_CHANNEL = 1
# automatic
*D = $(patsubst %/,%,$(patsubst %\,%,$(dir $*)))
# environment
PROGRAMFILES = C:\Program Files (x86)
# environment
MFLAGS = -pqrR
# default
.SHELLFLAGS := -c
# environment
COMMONPROGRAMW6432 = C:\Program Files\Common Files
# environment
POSTGIS_ENABLE_OUTDB_RASTERS = 1
# automatic
+D = $(patsubst %/,%,$(patsubst %\,%,$(dir $+)))
# makefile (from 'Makefile', line 1)
MAKEFILE_LIST := Makefile
# automatic
@F = $(notdir $@)
# environment
VSCODE_VERBOSE_LOGGING = true
# environment
VSCODE_PID = 23120
# environment
CUDA_PATH = C:\Program Files\NVIDIA GPU Computing Toolkit\CUDA\v11.6
# automatic
?D = $(patsubst %/,%,$(patsubst %\,%,$(dir $?)))
# automatic
*F = $(notdir $*)
# automatic
<D = $(patsubst %/,%,$(patsubst %\,%,$(dir $<)))
# environment
VSCODE_NLS_CONFIG = {"locale":"en-us","availableLanguages":{},"_languagePackSupport":true}
# environment
ONEDRIVECONSUMER = C:\Users\Jeffery Tanudihardjo\OneDrive
# default
MAKE_HOST := Windows32
# environment
PROGRAMDATA = C:\ProgramData
# default
SHELL := sh.exe
# environment
HOMEPATH = \Users\Jeffery Tanudihardjo
# default
MAKECMDGOALS := all
# environment
PROJ_LIB = C:\Program Files\PostgreSQL\14\share\contrib\postgis-3.1\proj
# environment
DRIVERDATA = C:\Windows\System32\Drivers\DriverData
# environment
COMSPEC = C:\WINDOWS\system32\cmd.exe
# environment
WINDIR = C:\WINDOWS
# environment
ESET_OPTIONS = $(subst ,,                                                                                                                                                                                                                                                                                                                                                                                                                                                                                                                               )
# environment
MAKELEVEL := 0
# default
MAKE = $(MAKE_COMMAND)
# environment
PATH = C:\PROGRA~1\NVIDIA~2\CUDA\v11.6\bin;C:\PROGRA~1\NVIDIA~2\CUDA\v11.6\libnvvp;C:\PROGRA~1\ECLIPS~1\JDK-17~1.8-H\bin;C:\PROGRA~2\RAZERC~1\bin;C:\PROGRA~1\RAZERC~1\bin;C:\PROGRA~2\Razer\CHROMA~1\bin;C:\PROGRA~1\Razer\CHROMA~1\bin;C:\PROGRA~2\COMMON~1\Oracle\Java\javapath;C:\Windows\system32;C:\Windows;C:\Windows\System32\Wbem;C:\Windows\System32\WindowsPowerShell\v1.0\;C:\Windows\System32\OpenSSH\;C:\PROGRA~2\Intel\INTEL(~1\DAL;C:\PROGRA~1\Intel\INTEL(~3\DAL;C:\PROGRA~2\NVIDIA~1\PhysX\Common;C:\PROGRA~1\dotnet\;C:\MinGW\bin;C:\Users\JEFFER~1\AppData\Local\Programs\Python\Python39;C:\Users\JEFFER~1\AppData\Local\Programs\Python\Python39\Scripts;C:\Users\JEFFER~1\AppData\Local\MICROS~1\WINDOW~1;C:\Users\Jeffery Tanudihardjo\AppData\Local\atom\bin;C:\Users\JEFFER~1\AppData\Local\Programs\MICROS~1\bin;C:\Users\JEFFER~1\AppData\Local\GITHUB~1\bin;C:\Users\Jeffery Tanudihardjo\.dotnet\tools;C:\xampp\php;C:\PROGRA~3\COMPOS~1\bin;C:\PROGRA~2\PuTTY\;C:\PROGRA~3\CHOCOL~1\bin;C:\kotlinc\bin;C:\PROGRA~1\Graphviz\bin;C:\Gradle\gradle-7.2\bin;C:\PROGRA~1\MongoDB\Server\5.0\bin;C:\PROGRA~1\GDAL;C:\PROGRA~1\NVIDIA~1\NVIDIA~2;C:\Users\JEFFER~1\AppData\Roaming\nvm;C:\PROGRA~1\nodejs;C:\PROGRA~1\Go\bin;C:\Users\JEFFER~1\DOCUME~1\flutter\bin;C:\PROGRA~1\NVIDIA~1\NSIGHT~1.1\;C:\Program Files\gs\gs9.55.0\bin;C:\PROGRA~1\RABBIT~1\RABBIT~1.14\sbin;C:\PROGRA~1\Redis\;C:\WINDOWS\system32;C:\WINDOWS;C:\WINDOWS\System32\Wbem;C:\WINDOWS\System32\WindowsPowerShell\v1.0\;C:\WINDOWS\System32\OpenSSH\;C:\PROGRA~1\Docker\Docker\RESOUR~1\bin;C:\ProgramData\DockerDesktop\version-bin;C:\Program Files\Git\cmd:C:\Users\Jeffery Tanudihardjo\AppData\Local\Pub\Cache\bin;C:\Users\Jeffery Tanudihardjo\AppData\Local\Pub\Cache\bin;C:\Users\JEFFER~1\AppData\Local\Programs\Python\Python39\Scripts\;C:\Users\JEFFER~1\AppData\Local\Programs\Python\Python39\;C:\PROGRA~2\RAZERC~1\bin;C:\PROGRA~1\RAZERC~1\bin;C:\PROGRA~2\Razer\CHROMA~1\bin;C:\PROGRA~1\Razer\CHROMA~1\bin;C:\PROGRA~2\COMMON~1\Oracle\Java\javapath;C:\Windows\system32;C:\Windows;C:\Windows\System32\Wbem;C:\Windows\System32\WindowsPowerShell\v1.0\;C:\Windows\System32\OpenSSH\;C:\PROGRA~2\Intel\INTEL(~1\DAL;C:\PROGRA~1\Intel\INTEL(~3\DAL;C:\PROGRA~1\NVIDIA~1\NVIDIA~2;C:\PROGRA~2\NVIDIA~1\PhysX\Common;C:\PROGRA~1\dotnet\;C:\MinGW\bin;C:\PROGRA~1\Git\cmd;C:\Users\Jeffery Tanudihardjo\AppData\Local\Programs\Python\Python38-32\Scripts\;C:\Users\Jeffery Tanudihardjo\AppData\Local\Programs\Python\Python38-32\;C:\Users\Jeffery Tanudihardjo\AppData\Local\Microsoft\Win;C:\Users\JEFFER~1\AppData\Local\Programs\MICROS~1\bin;C:\Users\JEFFER~1\Desktop\Arcanist\arcanist\bin;
# environment
COMPUTERNAME = JEFFERY
# default
MAKEFILES := 
# automatic
^F = $(notdir $^)
# environment
PYCHARM = C:\Program Files\JetBrains\PyCharm 2021.2.2\bin;
# environment
PROMPT = $P$G
# environment
CHOCOLATEYLASTPATHUPDATE = 132712317732333256
# environment
NVTOOLSEXT_PATH = C:\Program Files\NVIDIA Corporation\NvToolsExt\
# environment
GDAL_DATA = C:\Program Files\PostgreSQL\14\gdal-data
# environment
LOGONSERVER = \\JEFFERY
# environment
VSCODE_LOG_NATIVE = false
# environment
USERNAME = Jeffery Tanudihardjo
# environment
COMMONPROGRAMFILES = C:\Program Files (x86)\Common Files
# automatic
?F = $(notdir $?)
# environment
PROGRAMW6432 = C:\Program Files
# environment
PATHEXT = .COM;.EXE;.BAT;.CMD;.VBS;.VBE;.JS;.JSE;.WSF;.WSH;.MSC
# automatic
+F = $(notdir $+)
# environment
GDAL_DRIVER_PATH = C:\Program Files\GDAL\gdalplugins
# environment
ORIGINAL_XDG_CURRENT_DESKTOP = undefined
# environment
USERDOMAIN = JEFFERY
# 'override' directive
GNUMAKEFLAGS := 
# environment
OS = Windows_NT
# environment
CUDA_PATH_V11_6 = C:\Program Files\NVIDIA GPU Computing Toolkit\CUDA\v11.6
# makefile
.DEFAULT_GOAL := build
# environment
NVM_HOME = C:\Users\Jeffery Tanudihardjo\AppData\Roaming\nvm
# default
MAKE_VERSION := 4.3
# environment
PROGRAMFILES(X86) = C:\Program Files (x86)
# environment
USERDOMAIN_ROAMINGPROFILE = JEFFERY
# environment
NUMBER_OF_PROCESSORS = 6
# environment
PUBLIC = C:\Users\Public
# environment
ASL.LOG = Destination=file
# environment
MOZ_PLUGIN_PATH = C:\PROGRAM FILES (X86)\FOXIT SOFTWARE\FOXIT READER\plugins\
# environment
APPDATA = C:\Users\Jeffery Tanudihardjo\AppData\Roaming
# environment
HOMEDRIVE = C:
# environment
NVM_SYMLINK = C:\Program Files\nodejs
# environment
PROCESSOR_ARCHITECTURE = x86
# environment
GOMODCACHE = C:\Users\Jeffery Tanudihardjo\go\pkg\mod
# environment
NODE_OPTIONS = 
# environment
VSCODE_AMD_ENTRYPOINT = vs/workbench/api/node/extensionHostProcess
# environment
COMMONPROGRAMFILES(X86) = C:\Program Files (x86)\Common Files
# environment
ELECTRON_RUN_AS_NODE = 1
# environment
TEMP = C:\Users\JEFFER~1\AppData\Local\Temp
# environment
VSCODE_IPC_HOOK = \\.\pipe\31297ab03b633e41db76edd91c5711d3-1.68.1-main-sock
# environment
POSTGIS_GDAL_ENABLED_DRIVERS = GTiff PNG JPEG GIF XYZ DTED USGSDEM AAIGrid
# environment
GOPROXY = https://proxy.golang.org,direct
# default
.RECIPEPREFIX := 
# automatic
<F = $(notdir $<)
# default
SUFFIXES := 
# environment
ALLUSERSPROFILE = C:\ProgramData
# environment
SESSIONNAME = Console
# default
.FEATURES := target-specific order-only second-expansion else-if shortest-stem undefine oneshell nocomment grouped-target extra-prereqs archives jobserver output-sync load
# environment
PROCESSOR_REVISION = 9e0d
# environment
PROCESSOR_IDENTIFIER = Intel64 Family 6 Model 158 Stepping 13, GenuineIntel
# variable set hash-table stats:
# Load=114/1024=11%, Rehash=0, Collisions=12/141=9%

# Pattern-specific Variable Values

# No pattern-specific variable values.

# Directories

# . (key c:/Users/Jeffery Tanudihardjo/Desktop/SOA/student-research-paper-storage, mtime 1656156893): 16 files, no impossibilities.

# 16 files, no impossibilities in 1 directories.

# Implicit Rules

# No implicit rules.

# Files

# Not a target:
Makefile:
#  Implicit rule search has been done.
#  Last modified 2022-06-25 13:04:04
#  File has been updated.
#  Successfully updated.

# Not a target:
.DEFAULT:
#  Implicit rule search has not been done.
#  Modification time never checked.
#  File has not been updated.

# Not a target:
all:
#  Command line target.
#  Implicit rule search has been done.
#  File does not exist.
#  File has not been updated.

run:
#  Implicit rule search has not been done.
#  Modification time never checked.
#  File has not been updated.
#  recipe to execute (from 'Makefile', line 5):
	go run ./cmd/main/main.go

build:
#  Implicit rule search has not been done.
#  Modification time never checked.
#  File has not been updated.
#  recipe to execute (from 'Makefile', line 2):
	go build -o bin/main ./cmd/main/main.go

# files hash-table stats:
# Load=6/1024=1%, Rehash=0, Collisions=0/16=0%
# VPATH Search Paths

# No 'vpath' search paths.

# No general ('VPATH' variable) search path.

# strcache buffers: 1 (0) / strings = 21 / storage = 134 B / avg = 6 B
# current buf: size = 8174 B / used = 134 B / count = 21 / avg = 6 B

# strcache performance: lookups = 27 / hit rate = 22%
# hash-table stats:
# Load=21/8192=0%, Rehash=0, Collisions=0/27=0%
# Finished Make data base on Sat Jun 25 19:56:22 2022

 
